{"time": "2026-01-01 09:09:31.228", "level": "DEBUG", "module": "TaskSample", "function": "__init__", "message": {"db.host": "172.18.0.7"}}
{"time": "2026-01-01 09:09:31.229", "level": "DEBUG", "module": "TaskSample", "function": "__init__", "message": {"db.port": "3306"}}
{"time": "2026-01-01 09:09:31.229", "level": "DEBUG", "module": "TaskSample", "function": "__init__", "message": {"db.username": "root"}}
{"time": "2026-01-01 09:09:31.230", "level": "DEBUG", "module": "TaskSample", "function": "__init__", "message": {"db.password": "pass"}}
{"time": "2026-01-01 09:09:31.230", "level": "DEBUG", "module": "TaskSample", "function": "__init__", "message": {"db.database": "workflow"}}
{"time": "2026-01-01 09:09:31.230", "level": "DEBUG", "module": "TaskSample", "function": "__init__", "message": {"db.charset": "utf8mb4"}}
{"time": "2026-01-01 09:10:45.949", "level": "DEBUG", "module": "TaskSample", "function": "__init__", "message": {"db.host": "172.18.0.7"}}
{"time": "2026-01-01 09:10:45.950", "level": "DEBUG", "module": "TaskSample", "function": "__init__", "message": {"db.port": "3306"}}
{"time": "2026-01-01 09:10:45.951", "level": "DEBUG", "module": "TaskSample", "function": "__init__", "message": {"db.username": "root"}}
{"time": "2026-01-01 09:10:45.951", "level": "DEBUG", "module": "TaskSample", "function": "__init__", "message": {"db.password": "pass"}}
{"time": "2026-01-01 09:10:45.951", "level": "DEBUG", "module": "TaskSample", "function": "__init__", "message": {"db.database": "workflow"}}
{"time": "2026-01-01 09:10:45.951", "level": "DEBUG", "module": "TaskSample", "function": "__init__", "message": {"db.charset": "utf8mb4"}}
{"time": "2026-01-01 09:10:45.951", "level": "DEBUG", "module": "MySQL", "function": "__init__", "message": {"status": "start"}}
{"time": "2026-01-01 09:10:45.952", "level": "DEBUG", "module": "MySQL", "function": "__init__", "message": {"status": "end"}}
{"time": "2026-01-01 09:10:45.952", "level": "DEBUG", "module": "MySQL", "function": "connect", "message": {"status": "start"}}
{"time": "2026-01-01 09:10:45.952", "level": "DEBUG", "module": "MySQL", "function": "connect", "message": {"db_host": "172.18.0.7"}}
{"time": "2026-01-01 09:10:45.952", "level": "DEBUG", "module": "MySQL", "function": "connect", "message": {"db_port": "3306"}}
{"time": "2026-01-01 09:10:45.952", "level": "DEBUG", "module": "MySQL", "function": "connect", "message": {"db_username": "root"}}
{"time": "2026-01-01 09:10:45.952", "level": "DEBUG", "module": "MySQL", "function": "connect", "message": {"db_password": "pass"}}
{"time": "2026-01-01 09:10:45.952", "level": "DEBUG", "module": "MySQL", "function": "connect", "message": {"db_database": "workflow"}}
{"time": "2026-01-01 09:10:45.952", "level": "DEBUG", "module": "MySQL", "function": "connect", "message": {"db_charset": "utf8mb4"}}
{"time": "2026-01-01 09:10:45.958", "level": "INFO", "module": "MySQL", "function": "connect", "message": {"status": "successfully connected to MySQL database workflow at 172.18.0.7:3306"}}
{"time": "2026-01-01 09:10:45.958", "level": "DEBUG", "module": "MySQL", "function": "connect", "message": {"status": "end"}}
{"time": "2026-01-01 09:10:45.958", "level": "DEBUG", "module": "TaskSample", "function": "__init__", "message": {"status": "start"}}
{"time": "2026-01-01 09:10:45.961", "level": "DEBUG", "module": "TaskSample", "function": "__init__", "message": {"status": "end"}}
{"time": "2026-01-01 09:10:45.961", "level": "INFO", "module": "Task", "function": "__init__", "message": {"status": "start"}}
{"time": "2026-01-01 09:10:45.962", "level": "INFO", "module": "Task", "function": "init", "message": {"db_url": "mysql+pymysql://root:pass@172.18.0.7:3306/workflow?charset=utf8mb4"}}
{"time": "2026-01-01 09:10:46.029", "level": "INFO", "module": "Task", "function": "__init__", "message": {"status": "end"}}
{"time": "2026-01-01 09:10:46.031", "level": "DEBUG", "module": "TaskSample", "function": "run", "message": {"status": "start"}}
{"time": "2026-01-01 09:10:46.051", "level": "INFO", "module": "Task", "function": "get_job", "message": {"status": "start"}}
{"time": "2026-01-01 09:10:46.817", "level": "INFO", "module": "Task", "function": "run_command", "message": {"status": "start"}}
{"time": "2026-01-01 09:10:46.821", "level": "INFO", "module": "Task", "function": "run_command", "message": {"cmd": "echo \"[$(date +%Y-%m-%d\\ %H:%M:%S)] hello world 3 start\" | tee -a /develop/DevOpsPlatform/JobsManager/log/run3.log; sleep 10; echo \"[$(date +%Y-%m-%d\\ %H:%M:%S)] hello world 3 end\" | tee -a /develop/DevOpsPlatform/JobsManager/log/run3.log"}}
{"time": "2026-01-01 09:10:46.828", "level": "INFO", "module": "Task", "function": "get_job", "message": {"job": "echo \"[$(date +%Y-%m-%d\\ %H:%M:%S)] hello world 3 start\" | tee -a /develop/DevOpsPlatform/JobsManager/log/run3.log; sleep 10; echo \"[$(date +%Y-%m-%d\\ %H:%M:%S)] hello world 3 end\" | tee -a /develop/DevOpsPlatform/JobsManager/log/run3.log (trigger: cron[month='*', day='*', day_of_week='*', hour='*', minute='*', second='*'], next run at: 2026-01-01 09:10:47 UTC)"}}
{"time": "2026-01-01 09:10:46.830", "level": "INFO", "module": "Task", "function": "get_job", "message": {"status": "end"}}
{"time": "2026-01-01 09:10:46.831", "level": "DEBUG", "module": "TaskSample", "function": "run", "message": {"status": "end"}}
{"time": "2026-01-01 09:10:48.830", "level": "ERROR", "module": "Task", "function": "run_command", "message": {"status": "timeout: Command 'echo \"[$(date +%Y-%m-%d\\ %H:%M:%S)] hello world 3 start\" | tee -a /develop/DevOpsPlatform/JobsManager/log/run3.log; sleep 10; echo \"[$(date +%Y-%m-%d\\ %H:%M:%S)] hello world 3 end\" | tee -a /develop/DevOpsPlatform/JobsManager/log/run3.log' timed out after 1.999962958972901 seconds"}}
{"time": "2026-01-01 09:10:48.837", "level": "INFO", "module": "Task", "function": "run_command", "message": {"status": "end"}}
{"time": "2026-01-01 09:14:13.593", "level": "DEBUG", "module": "TaskSample", "function": "__init__", "message": {"db.host": "172.18.0.7"}}
{"time": "2026-01-01 09:14:13.594", "level": "DEBUG", "module": "TaskSample", "function": "__init__", "message": {"db.port": "3306"}}
{"time": "2026-01-01 09:14:13.594", "level": "DEBUG", "module": "TaskSample", "function": "__init__", "message": {"db.username": "root"}}
{"time": "2026-01-01 09:14:13.595", "level": "DEBUG", "module": "TaskSample", "function": "__init__", "message": {"db.password": "pass"}}
{"time": "2026-01-01 09:14:13.595", "level": "DEBUG", "module": "TaskSample", "function": "__init__", "message": {"db.database": "workflow"}}
{"time": "2026-01-01 09:14:13.595", "level": "DEBUG", "module": "TaskSample", "function": "__init__", "message": {"db.charset": "utf8mb4"}}
{"time": "2026-01-01 09:14:13.595", "level": "DEBUG", "module": "MySQL", "function": "__init__", "message": {"status": "start"}}
{"time": "2026-01-01 09:14:13.595", "level": "DEBUG", "module": "MySQL", "function": "__init__", "message": {"status": "end"}}
{"time": "2026-01-01 09:14:13.596", "level": "DEBUG", "module": "MySQL", "function": "connect", "message": {"status": "start"}}
{"time": "2026-01-01 09:14:13.596", "level": "DEBUG", "module": "MySQL", "function": "connect", "message": {"db_host": "172.18.0.7"}}
{"time": "2026-01-01 09:14:13.596", "level": "DEBUG", "module": "MySQL", "function": "connect", "message": {"db_port": "3306"}}
{"time": "2026-01-01 09:14:13.596", "level": "DEBUG", "module": "MySQL", "function": "connect", "message": {"db_username": "root"}}
{"time": "2026-01-01 09:14:13.596", "level": "DEBUG", "module": "MySQL", "function": "connect", "message": {"db_password": "pass"}}
{"time": "2026-01-01 09:14:13.596", "level": "DEBUG", "module": "MySQL", "function": "connect", "message": {"db_database": "workflow"}}
{"time": "2026-01-01 09:14:13.596", "level": "DEBUG", "module": "MySQL", "function": "connect", "message": {"db_charset": "utf8mb4"}}
{"time": "2026-01-01 09:14:13.601", "level": "INFO", "module": "MySQL", "function": "connect", "message": {"status": "successfully connected to MySQL database workflow at 172.18.0.7:3306"}}
{"time": "2026-01-01 09:14:13.601", "level": "DEBUG", "module": "MySQL", "function": "connect", "message": {"status": "end"}}
{"time": "2026-01-01 09:14:13.601", "level": "DEBUG", "module": "TaskSample", "function": "__init__", "message": {"status": "start"}}
{"time": "2026-01-01 09:14:13.602", "level": "DEBUG", "module": "TaskSample", "function": "__init__", "message": {"status": "end"}}
{"time": "2026-01-01 09:14:13.603", "level": "INFO", "module": "Task", "function": "__init__", "message": {"status": "start"}}
{"time": "2026-01-01 09:14:13.604", "level": "INFO", "module": "Task", "function": "init", "message": {"db_url": "mysql+pymysql://root:pass@172.18.0.7:3306/workflow?charset=utf8mb4"}}
{"time": "2026-01-01 09:14:13.625", "level": "INFO", "module": "Task", "function": "__init__", "message": {"status": "end"}}
{"time": "2026-01-01 09:14:13.627", "level": "DEBUG", "module": "TaskSample", "function": "run", "message": {"status": "start"}}
{"time": "2026-01-01 09:14:13.630", "level": "INFO", "module": "Task", "function": "run_command", "message": {"status": "start"}}
{"time": "2026-01-01 09:14:13.633", "level": "INFO", "module": "Task", "function": "get_job", "message": {"status": "start"}}
{"time": "2026-01-01 09:14:13.634", "level": "INFO", "module": "Task", "function": "run_command", "message": {"cmd": "echo \"[$(date +%Y-%m-%d\\ %H:%M:%S)] hello world 3 start\" | tee -a /develop/DevOpsPlatform/JobsManager/log/run3.log; sleep 10; echo \"[$(date +%Y-%m-%d\\ %H:%M:%S)] hello world 3 end\" | tee -a /develop/DevOpsPlatform/JobsManager/log/run3.log"}}
{"time": "2026-01-01 09:14:13.636", "level": "INFO", "module": "Task", "function": "get_job", "message": {"job": "echo \"[$(date +%Y-%m-%d\\ %H:%M:%S)] hello world 3 start\" | tee -a /develop/DevOpsPlatform/JobsManager/log/run3.log; sleep 10; echo \"[$(date +%Y-%m-%d\\ %H:%M:%S)] hello world 3 end\" | tee -a /develop/DevOpsPlatform/JobsManager/log/run3.log (trigger: cron[month='*', day='*', day_of_week='*', hour='*', minute='*', second='*'], next run at: 2026-01-01 09:14:14 UTC)"}}
{"time": "2026-01-01 09:14:13.640", "level": "INFO", "module": "Task", "function": "get_job", "message": {"status": "end"}}
{"time": "2026-01-01 09:14:13.641", "level": "DEBUG", "module": "TaskSample", "function": "run", "message": {"status": "end"}}
{"time": "2026-01-01 09:14:15.648", "level": "ERROR", "module": "Task", "function": "run_command", "message": {"status": "timeout: Command 'echo \"[$(date +%Y-%m-%d\\ %H:%M:%S)] hello world 3 start\" | tee -a /develop/DevOpsPlatform/JobsManager/log/run3.log; sleep 10; echo \"[$(date +%Y-%m-%d\\ %H:%M:%S)] hello world 3 end\" | tee -a /develop/DevOpsPlatform/JobsManager/log/run3.log' timed out after 1.9999524999875575 seconds"}}
{"time": "2026-01-01 09:14:15.653", "level": "INFO", "module": "Task", "function": "run_command", "message": {"status": "end"}}
{"time": "2026-01-01 09:15:42.760", "level": "DEBUG", "module": "TaskSample", "function": "__init__", "message": {"db.host": "172.18.0.7"}}
{"time": "2026-01-01 09:15:42.761", "level": "DEBUG", "module": "TaskSample", "function": "__init__", "message": {"db.port": "3306"}}
{"time": "2026-01-01 09:15:42.761", "level": "DEBUG", "module": "TaskSample", "function": "__init__", "message": {"db.username": "root"}}
{"time": "2026-01-01 09:15:42.761", "level": "DEBUG", "module": "TaskSample", "function": "__init__", "message": {"db.password": "pass"}}
{"time": "2026-01-01 09:15:42.761", "level": "DEBUG", "module": "TaskSample", "function": "__init__", "message": {"db.database": "workflow"}}
{"time": "2026-01-01 09:15:42.761", "level": "DEBUG", "module": "TaskSample", "function": "__init__", "message": {"db.charset": "utf8mb4"}}
{"time": "2026-01-01 09:15:42.762", "level": "DEBUG", "module": "MySQL", "function": "__init__", "message": {"status": "start"}}
{"time": "2026-01-01 09:15:42.762", "level": "DEBUG", "module": "MySQL", "function": "__init__", "message": {"status": "end"}}
{"time": "2026-01-01 09:15:42.762", "level": "DEBUG", "module": "MySQL", "function": "connect", "message": {"status": "start"}}
{"time": "2026-01-01 09:15:42.762", "level": "DEBUG", "module": "MySQL", "function": "connect", "message": {"db_host": "172.18.0.7"}}
{"time": "2026-01-01 09:15:42.762", "level": "DEBUG", "module": "MySQL", "function": "connect", "message": {"db_port": "3306"}}
{"time": "2026-01-01 09:15:42.762", "level": "DEBUG", "module": "MySQL", "function": "connect", "message": {"db_username": "root"}}
{"time": "2026-01-01 09:15:42.762", "level": "DEBUG", "module": "MySQL", "function": "connect", "message": {"db_password": "pass"}}
{"time": "2026-01-01 09:15:42.762", "level": "DEBUG", "module": "MySQL", "function": "connect", "message": {"db_database": "workflow"}}
{"time": "2026-01-01 09:15:42.763", "level": "DEBUG", "module": "MySQL", "function": "connect", "message": {"db_charset": "utf8mb4"}}
{"time": "2026-01-01 09:15:42.767", "level": "INFO", "module": "MySQL", "function": "connect", "message": {"status": "successfully connected to MySQL database workflow at 172.18.0.7:3306"}}
{"time": "2026-01-01 09:15:42.767", "level": "DEBUG", "module": "MySQL", "function": "connect", "message": {"status": "end"}}
{"time": "2026-01-01 09:15:42.767", "level": "DEBUG", "module": "TaskSample", "function": "__init__", "message": {"status": "start"}}
{"time": "2026-01-01 09:15:42.768", "level": "DEBUG", "module": "TaskSample", "function": "__init__", "message": {"status": "end"}}
{"time": "2026-01-01 09:15:42.770", "level": "INFO", "module": "Task", "function": "__init__", "message": {"status": "start"}}
{"time": "2026-01-01 09:15:42.770", "level": "INFO", "module": "Task", "function": "init", "message": {"db_url": "mysql+pymysql://root:pass@172.18.0.7:3306/workflow?charset=utf8mb4"}}
{"time": "2026-01-01 09:15:42.790", "level": "INFO", "module": "Task", "function": "__init__", "message": {"status": "end"}}
{"time": "2026-01-01 09:15:42.792", "level": "DEBUG", "module": "TaskSample", "function": "run", "message": {"status": "start"}}
{"time": "2026-01-01 09:15:42.793", "level": "INFO", "module": "Task", "function": "run_command", "message": {"status": "start"}}
{"time": "2026-01-01 09:15:42.796", "level": "INFO", "module": "Task", "function": "get_job", "message": {"status": "start"}}
{"time": "2026-01-01 09:15:42.797", "level": "INFO", "module": "Task", "function": "run_command", "message": {"cmd": "echo \"[$(date +%Y-%m-%d\\ %H:%M:%S)] hello world 3 start\" | tee -a /develop/DevOpsPlatform/JobsManager/log/run3.log; sleep 10; echo \"[$(date +%Y-%m-%d\\ %H:%M:%S)] hello world 3 end\" | tee -a /develop/DevOpsPlatform/JobsManager/log/run3.log"}}
{"time": "2026-01-01 09:15:42.799", "level": "INFO", "module": "Task", "function": "get_job", "message": {"job": "echo \"[$(date +%Y-%m-%d\\ %H:%M:%S)] hello world 3 start\" | tee -a /develop/DevOpsPlatform/JobsManager/log/run3.log; sleep 10; echo \"[$(date +%Y-%m-%d\\ %H:%M:%S)] hello world 3 end\" | tee -a /develop/DevOpsPlatform/JobsManager/log/run3.log (trigger: cron[month='*', day='*', day_of_week='*', hour='*', minute='*', second='*'], next run at: 2026-01-01 09:15:43 UTC)"}}
{"time": "2026-01-01 09:15:42.808", "level": "INFO", "module": "Task", "function": "get_job", "message": {"status": "end"}}
{"time": "2026-01-01 09:15:42.811", "level": "DEBUG", "module": "TaskSample", "function": "run", "message": {"status": "end"}}
{"time": "2026-01-01 09:15:44.810", "level": "ERROR", "module": "Task", "function": "run_command", "message": {"status": "timeout: Command 'echo \"[$(date +%Y-%m-%d\\ %H:%M:%S)] hello world 3 start\" | tee -a /develop/DevOpsPlatform/JobsManager/log/run3.log; sleep 10; echo \"[$(date +%Y-%m-%d\\ %H:%M:%S)] hello world 3 end\" | tee -a /develop/DevOpsPlatform/JobsManager/log/run3.log' timed out after 1.9999613330001011 seconds"}}
{"time": "2026-01-01 09:15:44.819", "level": "INFO", "module": "Task", "function": "run_command", "message": {"status": "end"}}
{"time": "2026-01-01 09:27:20.220", "level": "DEBUG", "module": "TaskSample", "function": "__init__", "message": {"db.host": "172.18.0.7"}}
{"time": "2026-01-01 09:27:20.221", "level": "DEBUG", "module": "TaskSample", "function": "__init__", "message": {"db.port": "3306"}}
{"time": "2026-01-01 09:27:20.221", "level": "DEBUG", "module": "TaskSample", "function": "__init__", "message": {"db.username": "root"}}
{"time": "2026-01-01 09:27:20.221", "level": "DEBUG", "module": "TaskSample", "function": "__init__", "message": {"db.password": "pass"}}
{"time": "2026-01-01 09:27:20.221", "level": "DEBUG", "module": "TaskSample", "function": "__init__", "message": {"db.database": "workflow"}}
{"time": "2026-01-01 09:27:20.221", "level": "DEBUG", "module": "TaskSample", "function": "__init__", "message": {"db.charset": "utf8mb4"}}
{"time": "2026-01-01 09:27:20.222", "level": "DEBUG", "module": "MySQL", "function": "__init__", "message": {"status": "start"}}
{"time": "2026-01-01 09:27:20.222", "level": "DEBUG", "module": "MySQL", "function": "__init__", "message": {"status": "end"}}
{"time": "2026-01-01 09:27:20.222", "level": "DEBUG", "module": "MySQL", "function": "connect", "message": {"status": "start"}}
{"time": "2026-01-01 09:27:20.222", "level": "DEBUG", "module": "MySQL", "function": "connect", "message": {"db_host": "172.18.0.7"}}
{"time": "2026-01-01 09:27:20.222", "level": "DEBUG", "module": "MySQL", "function": "connect", "message": {"db_port": "3306"}}
{"time": "2026-01-01 09:27:20.222", "level": "DEBUG", "module": "MySQL", "function": "connect", "message": {"db_username": "root"}}
{"time": "2026-01-01 09:27:20.222", "level": "DEBUG", "module": "MySQL", "function": "connect", "message": {"db_password": "pass"}}
{"time": "2026-01-01 09:27:20.223", "level": "DEBUG", "module": "MySQL", "function": "connect", "message": {"db_database": "workflow"}}
{"time": "2026-01-01 09:27:20.223", "level": "DEBUG", "module": "MySQL", "function": "connect", "message": {"db_charset": "utf8mb4"}}
{"time": "2026-01-01 09:27:20.227", "level": "INFO", "module": "MySQL", "function": "connect", "message": {"status": "successfully connected to MySQL database workflow at 172.18.0.7:3306"}}
{"time": "2026-01-01 09:27:20.227", "level": "DEBUG", "module": "MySQL", "function": "connect", "message": {"status": "end"}}
{"time": "2026-01-01 09:27:20.228", "level": "DEBUG", "module": "TaskSample", "function": "__init__", "message": {"status": "start"}}
{"time": "2026-01-01 09:27:20.230", "level": "DEBUG", "module": "TaskSample", "function": "__init__", "message": {"status": "end"}}
{"time": "2026-01-01 09:27:20.231", "level": "INFO", "module": "Task", "function": "__init__", "message": {"status": "start"}}
{"time": "2026-01-01 09:27:20.231", "level": "INFO", "module": "Task", "function": "init", "message": {"db_url": "mysql+pymysql://root:pass@172.18.0.7:3306/workflow?charset=utf8mb4"}}
{"time": "2026-01-01 09:27:20.245", "level": "INFO", "module": "Task", "function": "__init__", "message": {"status": "end"}}
{"time": "2026-01-01 09:27:20.246", "level": "DEBUG", "module": "TaskSample", "function": "run", "message": {"status": "start"}}
{"time": "2026-01-01 09:27:20.246", "level": "INFO", "module": "Task", "function": "get_job", "message": {"status": "start"}}
{"time": "2026-01-01 09:27:20.247", "level": "INFO", "module": "Task", "function": "get_job", "message": {"job": "None"}}
{"time": "2026-01-01 09:27:20.248", "level": "INFO", "module": "Task", "function": "get_job", "message": {"status": "end"}}
{"time": "2026-01-01 09:27:20.248", "level": "DEBUG", "module": "TaskSample", "function": "run", "message": {"status": "end"}}
{"time": "2026-01-01 09:29:50.047", "level": "DEBUG", "module": "TaskSample", "function": "__init__", "message": {"db.host": "172.18.0.7"}}
{"time": "2026-01-01 09:29:50.048", "level": "DEBUG", "module": "TaskSample", "function": "__init__", "message": {"db.port": "3306"}}
{"time": "2026-01-01 09:29:50.048", "level": "DEBUG", "module": "TaskSample", "function": "__init__", "message": {"db.username": "root"}}
{"time": "2026-01-01 09:29:50.048", "level": "DEBUG", "module": "TaskSample", "function": "__init__", "message": {"db.password": "pass"}}
{"time": "2026-01-01 09:29:50.048", "level": "DEBUG", "module": "TaskSample", "function": "__init__", "message": {"db.database": "workflow"}}
{"time": "2026-01-01 09:29:50.048", "level": "DEBUG", "module": "TaskSample", "function": "__init__", "message": {"db.charset": "utf8mb4"}}
{"time": "2026-01-01 09:29:50.048", "level": "DEBUG", "module": "MySQL", "function": "__init__", "message": {"status": "start"}}
{"time": "2026-01-01 09:29:50.049", "level": "DEBUG", "module": "MySQL", "function": "__init__", "message": {"status": "end"}}
{"time": "2026-01-01 09:29:50.049", "level": "DEBUG", "module": "MySQL", "function": "connect", "message": {"status": "start"}}
{"time": "2026-01-01 09:29:50.049", "level": "DEBUG", "module": "MySQL", "function": "connect", "message": {"db_host": "172.18.0.7"}}
{"time": "2026-01-01 09:29:50.049", "level": "DEBUG", "module": "MySQL", "function": "connect", "message": {"db_port": "3306"}}
{"time": "2026-01-01 09:29:50.049", "level": "DEBUG", "module": "MySQL", "function": "connect", "message": {"db_username": "root"}}
{"time": "2026-01-01 09:29:50.049", "level": "DEBUG", "module": "MySQL", "function": "connect", "message": {"db_password": "pass"}}
{"time": "2026-01-01 09:29:50.049", "level": "DEBUG", "module": "MySQL", "function": "connect", "message": {"db_database": "workflow"}}
{"time": "2026-01-01 09:29:50.050", "level": "DEBUG", "module": "MySQL", "function": "connect", "message": {"db_charset": "utf8mb4"}}
{"time": "2026-01-01 09:29:50.054", "level": "INFO", "module": "MySQL", "function": "connect", "message": {"status": "successfully connected to MySQL database workflow at 172.18.0.7:3306"}}
{"time": "2026-01-01 09:29:50.054", "level": "DEBUG", "module": "MySQL", "function": "connect", "message": {"status": "end"}}
{"time": "2026-01-01 09:29:50.054", "level": "DEBUG", "module": "TaskSample", "function": "__init__", "message": {"status": "start"}}
{"time": "2026-01-01 09:29:50.055", "level": "DEBUG", "module": "TaskSample", "function": "__init__", "message": {"status": "end"}}
{"time": "2026-01-01 09:29:50.056", "level": "INFO", "module": "Task", "function": "__init__", "message": {"status": "start"}}
{"time": "2026-01-01 09:29:50.057", "level": "INFO", "module": "Task", "function": "init", "message": {"db_url": "mysql+pymysql://root:pass@172.18.0.7:3306/workflow?charset=utf8mb4"}}
{"time": "2026-01-01 09:29:50.069", "level": "INFO", "module": "Task", "function": "__init__", "message": {"status": "end"}}
{"time": "2026-01-01 09:29:50.069", "level": "DEBUG", "module": "TaskSample", "function": "run", "message": {"status": "start"}}
{"time": "2026-01-01 09:29:50.070", "level": "INFO", "module": "Task", "function": "list_jobs", "message": {"status": "start"}}
{"time": "2026-01-01 09:29:50.070", "level": "INFO", "module": "Task", "function": "list_jobs", "message": {"status": "end"}}
{"time": "2026-01-01 09:29:50.071", "level": "DEBUG", "module": "TaskSample", "function": "run", "message": {"status": "end"}}
{"time": "2026-01-01 09:30:52.411", "level": "DEBUG", "module": "TaskSample", "function": "__init__", "message": {"db.host": "172.18.0.7"}}
{"time": "2026-01-01 09:30:52.412", "level": "DEBUG", "module": "TaskSample", "function": "__init__", "message": {"db.port": "3306"}}
{"time": "2026-01-01 09:30:52.412", "level": "DEBUG", "module": "TaskSample", "function": "__init__", "message": {"db.username": "root"}}
{"time": "2026-01-01 09:30:52.413", "level": "DEBUG", "module": "TaskSample", "function": "__init__", "message": {"db.password": "pass"}}
{"time": "2026-01-01 09:30:52.413", "level": "DEBUG", "module": "TaskSample", "function": "__init__", "message": {"db.database": "workflow"}}
{"time": "2026-01-01 09:30:52.413", "level": "DEBUG", "module": "TaskSample", "function": "__init__", "message": {"db.charset": "utf8mb4"}}
{"time": "2026-01-01 09:30:52.413", "level": "DEBUG", "module": "MySQL", "function": "__init__", "message": {"status": "start"}}
{"time": "2026-01-01 09:30:52.413", "level": "DEBUG", "module": "MySQL", "function": "__init__", "message": {"status": "end"}}
{"time": "2026-01-01 09:30:52.413", "level": "DEBUG", "module": "MySQL", "function": "connect", "message": {"status": "start"}}
{"time": "2026-01-01 09:30:52.414", "level": "DEBUG", "module": "MySQL", "function": "connect", "message": {"db_host": "172.18.0.7"}}
{"time": "2026-01-01 09:30:52.414", "level": "DEBUG", "module": "MySQL", "function": "connect", "message": {"db_port": "3306"}}
{"time": "2026-01-01 09:30:52.414", "level": "DEBUG", "module": "MySQL", "function": "connect", "message": {"db_username": "root"}}
{"time": "2026-01-01 09:30:52.414", "level": "DEBUG", "module": "MySQL", "function": "connect", "message": {"db_password": "pass"}}
{"time": "2026-01-01 09:30:52.414", "level": "DEBUG", "module": "MySQL", "function": "connect", "message": {"db_database": "workflow"}}
{"time": "2026-01-01 09:30:52.414", "level": "DEBUG", "module": "MySQL", "function": "connect", "message": {"db_charset": "utf8mb4"}}
{"time": "2026-01-01 09:30:52.419", "level": "INFO", "module": "MySQL", "function": "connect", "message": {"status": "successfully connected to MySQL database workflow at 172.18.0.7:3306"}}
{"time": "2026-01-01 09:30:52.419", "level": "DEBUG", "module": "MySQL", "function": "connect", "message": {"status": "end"}}
{"time": "2026-01-01 09:30:52.419", "level": "DEBUG", "module": "TaskSample", "function": "__init__", "message": {"status": "start"}}
{"time": "2026-01-01 09:30:52.420", "level": "DEBUG", "module": "TaskSample", "function": "__init__", "message": {"status": "end"}}
{"time": "2026-01-01 09:30:52.421", "level": "INFO", "module": "Task", "function": "__init__", "message": {"status": "start"}}
{"time": "2026-01-01 09:30:52.422", "level": "INFO", "module": "Task", "function": "init", "message": {"db_url": "mysql+pymysql://root:pass@172.18.0.7:3306/workflow?charset=utf8mb4"}}
{"time": "2026-01-01 09:30:52.440", "level": "INFO", "module": "Task", "function": "__init__", "message": {"status": "end"}}
{"time": "2026-01-01 09:30:52.441", "level": "DEBUG", "module": "TaskSample", "function": "run", "message": {"status": "start"}}
{"time": "2026-01-01 09:30:52.441", "level": "INFO", "module": "Task", "function": "list_jobs", "message": {"status": "start"}}
{"time": "2026-01-01 09:30:52.445", "level": "INFO", "module": "Task", "function": "list_jobs", "message": {"id": "job_echo3", "name": "echo \"[$(date +%Y-%m-%d\\ %H:%M:%S)] hello world 3 start\" | tee -a /develop/DevOpsPlatform/JobsManager/log/run3.log; sleep 10; echo \"[$(date +%Y-%m-%d\\ %H:%M:%S)] hello world 3 end\" | tee -a /develop/DevOpsPlatform/JobsManager/log/run3.log", "func": "Task.Task.run_command", "args": "(<Logger TaskSample (DEBUG)>, 'echo \"[$(date +%Y-%m-%d\\\\ %H:%M:%S)] hello world 3 start\" | tee -a /develop/DevOpsPlatform/JobsManager/log/run3.log; sleep 10; echo \"[$(date +%Y-%m-%d\\\\ %H:%M:%S)] hello world 3 end\" | tee -a /develop/DevOpsPlatform/JobsManager/log/run3.log', 2)", "kwargs": {}, "trigger": "cron[month='*', day='*', day_of_week='*', hour='*', minute='*', second='*']", "next_run_time": "2026-01-01T09:15:45+00:00", "coalesce": "True", "max_instances": "1", "misfire_grace_time": "1", "executor": "default", "pending": "False"}}
{"time": "2026-01-01 09:30:52.446", "level": "INFO", "module": "Task", "function": "list_jobs", "message": {"status": "end"}}
{"time": "2026-01-01 09:30:52.447", "level": "DEBUG", "module": "TaskSample", "function": "run", "message": {"status": "end"}}
{"time": "2026-01-01 09:31:10.347", "level": "DEBUG", "module": "TaskSample", "function": "__init__", "message": {"db.host": "172.18.0.7"}}
{"time": "2026-01-01 09:31:10.348", "level": "DEBUG", "module": "TaskSample", "function": "__init__", "message": {"db.port": "3306"}}
{"time": "2026-01-01 09:31:10.349", "level": "DEBUG", "module": "TaskSample", "function": "__init__", "message": {"db.username": "root"}}
{"time": "2026-01-01 09:31:10.349", "level": "DEBUG", "module": "TaskSample", "function": "__init__", "message": {"db.password": "pass"}}
{"time": "2026-01-01 09:31:10.349", "level": "DEBUG", "module": "TaskSample", "function": "__init__", "message": {"db.database": "workflow"}}
{"time": "2026-01-01 09:31:10.349", "level": "DEBUG", "module": "TaskSample", "function": "__init__", "message": {"db.charset": "utf8mb4"}}
{"time": "2026-01-01 09:31:10.349", "level": "DEBUG", "module": "MySQL", "function": "__init__", "message": {"status": "start"}}
{"time": "2026-01-01 09:31:10.350", "level": "DEBUG", "module": "MySQL", "function": "__init__", "message": {"status": "end"}}
{"time": "2026-01-01 09:31:10.350", "level": "DEBUG", "module": "MySQL", "function": "connect", "message": {"status": "start"}}
{"time": "2026-01-01 09:31:10.350", "level": "DEBUG", "module": "MySQL", "function": "connect", "message": {"db_host": "172.18.0.7"}}
{"time": "2026-01-01 09:31:10.350", "level": "DEBUG", "module": "MySQL", "function": "connect", "message": {"db_port": "3306"}}
{"time": "2026-01-01 09:31:10.350", "level": "DEBUG", "module": "MySQL", "function": "connect", "message": {"db_username": "root"}}
{"time": "2026-01-01 09:31:10.351", "level": "DEBUG", "module": "MySQL", "function": "connect", "message": {"db_password": "pass"}}
{"time": "2026-01-01 09:31:10.351", "level": "DEBUG", "module": "MySQL", "function": "connect", "message": {"db_database": "workflow"}}
{"time": "2026-01-01 09:31:10.351", "level": "DEBUG", "module": "MySQL", "function": "connect", "message": {"db_charset": "utf8mb4"}}
{"time": "2026-01-01 09:31:10.355", "level": "INFO", "module": "MySQL", "function": "connect", "message": {"status": "successfully connected to MySQL database workflow at 172.18.0.7:3306"}}
{"time": "2026-01-01 09:31:10.356", "level": "DEBUG", "module": "MySQL", "function": "connect", "message": {"status": "end"}}
{"time": "2026-01-01 09:31:10.356", "level": "DEBUG", "module": "TaskSample", "function": "__init__", "message": {"status": "start"}}
{"time": "2026-01-01 09:31:10.357", "level": "DEBUG", "module": "TaskSample", "function": "__init__", "message": {"status": "end"}}
{"time": "2026-01-01 09:31:10.358", "level": "INFO", "module": "Task", "function": "__init__", "message": {"status": "start"}}
{"time": "2026-01-01 09:31:10.359", "level": "INFO", "module": "Task", "function": "init", "message": {"db_url": "mysql+pymysql://root:pass@172.18.0.7:3306/workflow?charset=utf8mb4"}}
{"time": "2026-01-01 09:31:10.377", "level": "INFO", "module": "Task", "function": "__init__", "message": {"status": "end"}}
{"time": "2026-01-01 09:31:10.378", "level": "DEBUG", "module": "TaskSample", "function": "run", "message": {"status": "start"}}
{"time": "2026-01-01 09:31:10.378", "level": "INFO", "module": "Task", "function": "get_job", "message": {"status": "start"}}
{"time": "2026-01-01 09:31:10.382", "level": "INFO", "module": "Task", "function": "get_job", "message": {"job": "echo \"[$(date +%Y-%m-%d\\ %H:%M:%S)] hello world 3 start\" | tee -a /develop/DevOpsPlatform/JobsManager/log/run3.log; sleep 10; echo \"[$(date +%Y-%m-%d\\ %H:%M:%S)] hello world 3 end\" | tee -a /develop/DevOpsPlatform/JobsManager/log/run3.log (trigger: cron[month='*', day='*', day_of_week='*', hour='*', minute='*', second='*'], next run at: 2026-01-01 09:15:45 UTC)"}}
{"time": "2026-01-01 09:31:10.383", "level": "INFO", "module": "Task", "function": "get_job", "message": {"status": "end"}}
{"time": "2026-01-01 09:31:10.384", "level": "DEBUG", "module": "TaskSample", "function": "run", "message": {"status": "end"}}
